<?xml version="1.0" encoding="UTF-8"?>
<testsuite name="BookShelf" tests="8" skipped="0" failures="0" errors="0" timestamp="2021-09-17T14:06:28" hostname="DESKTOP-MPBV7DA" time="0.059">
  <properties/>
  <testcase name="should contain number books when number books added" classname="bookstore.BookShelfTest" time="0.014"/>
  <testcase name="should group books by attribute" classname="bookstore.BookShelfTest" time="0.033"/>
  <testcase name="should sort books by title DESC order." classname="bookstore.BookShelfTest" time="0.004"/>
  <testcase name="should return immutable books" classname="bookstore.BookShelfTest" time="0.001"/>
  <testcase name="should group books by published year" classname="bookstore.BookShelfTest" time="0.003"/>
  <testcase name="should be empty when no book is added" classname="bookstore.BookShelfTest" time="0.001"/>
  <testcase name="should sort books by title ASC order." classname="bookstore.BookShelfTest" time="0.002"/>
  <testcase name="should be empty when called without books" classname="bookstore.BookShelfTest" time="0.0"/>
  <system-out><![CDATA[]]></system-out>
  <system-err><![CDATA[]]></system-err>
</testsuite>
