<?xml version="1.0" encoding="UTF-8"?>
<testsuite name="sorting books" tests="2" skipped="0" failures="0" errors="0" timestamp="2021-09-17T19:10:38" hostname="DESKTOP-MPBV7DA" time="0.009">
  <properties/>
  <testcase name="should sort books by title DESC order" classname="bookstore.BookShelfTest$BooksSorted" time="0.005"/>
  <testcase name="should sort books by title ASC order" classname="bookstore.BookShelfTest$BooksSorted" time="0.003"/>
  <system-out><![CDATA[]]></system-out>
  <system-err><![CDATA[]]></system-err>
</testsuite>
