<?xml version="1.0" encoding="UTF-8"?>
<testsuite name="BookProgress" tests="2" skipped="0" failures="0" errors="0" timestamp="2021-09-17T23:09:39" hostname="DESKTOP-MPBV7DA" time="0.044">
  <properties/>
  <testcase name="progress is 0% completed and 100% remaining when book unread" classname="bookstore.BookProgressTest" time="0.042"/>
  <testcase name="progress is 60% completed and 40% remaining when 3 book are read" classname="bookstore.BookProgressTest" time="0.001"/>
  <system-out><![CDATA[]]></system-out>
  <system-err><![CDATA[]]></system-err>
</testsuite>
