<?xml version="1.0" encoding="UTF-8"?>
<testsuite name="adding books" tests="4" skipped="0" failures="0" errors="0" timestamp="2021-09-17T19:10:38" hostname="DESKTOP-MPBV7DA" time="0.005">
  <properties/>
  <testcase name="should contain number books when number books added" classname="bookstore.BookShelfTest$BooksAdded" time="0.001"/>
  <testcase name="should return immutable books" classname="bookstore.BookShelfTest$BooksAdded" time="0.001"/>
  <testcase name="should be empty when no book is added" classname="bookstore.BookShelfTest$BooksAdded" time="0.001"/>
  <testcase name="should be empty when called without books" classname="bookstore.BookShelfTest$BooksAdded" time="0.001"/>
  <system-out><![CDATA[]]></system-out>
  <system-err><![CDATA[]]></system-err>
</testsuite>
