<?xml version="1.0" encoding="UTF-8"?>
<testsuite name="searching books" tests="2" skipped="0" failures="0" errors="0" timestamp="2021-09-18T02:20:44" hostname="DESKTOP-MPBV7DA" time="0.053">
  <properties/>
  <testcase name="should find by text in title" classname="bookstore.BookFilterTest$BookSearch" time="0.049"/>
  <testcase name="should find by published date" classname="bookstore.BookFilterTest$BookSearch" time="0.003"/>
  <system-out><![CDATA[]]></system-out>
  <system-err><![CDATA[]]></system-err>
</testsuite>
