<?xml version="1.0" encoding="UTF-8"?>
<testsuite name="BookShelf" tests="1" skipped="0" failures="0" errors="0" timestamp="2021-09-16T20:35:05" hostname="DESKTOP-MPBV7DA" time="0.012">
  <properties/>
  <testcase name="should be empty when no book is added" classname="bookstore.BookShelfTest" time="0.012"/>
  <system-out><![CDATA[BookShelf
]]></system-out>
  <system-err><![CDATA[]]></system-err>
</testsuite>
